<?xml version="1.0" encoding="UTF-8"?>
<!-- Generated by org.testng.reporters.JUnitXMLReporter -->
<testsuite ignored="0" hostname="Raj" failures="0" tests="3" name="Default test" time="36.151" errors="0" timestamp="2024-05-29T00:45:13 IST">
  <testcase classname="com.guru99.tests.LoginPageTests" name="verifyLogin" time="6.555"/>
  <testcase classname="com.guru99.tests.LoginPageTests" name="verifyLogin" time="1.151"/>
  <testcase classname="com.guru99.tests.LoginPageTests" name="verifyLogin" time="1.111"/>
</testsuite> <!-- Default test -->
