<?xml version="1.0" encoding="UTF-8"?>
<testng-results ignored="0" total="3" passed="3" failed="0" skipped="0">
  <reporter-output>
  </reporter-output>
  <suite started-at="2024-05-29T00:44:37 IST" name="Default suite" finished-at="2024-05-29T00:45:13 IST" duration-ms="36151">
    <groups>
    </groups>
    <test started-at="2024-05-29T00:44:37 IST" name="Default test" finished-at="2024-05-29T00:45:13 IST" duration-ms="36151">
      <class name="com.guru99.tests.LoginPageTests">
        <test-method is-config="true" signature="setup()[pri:0, instance:com.guru99.tests.LoginPageTests@18d87d80]" started-at="2024-05-29T00:44:38 IST" name="setup" finished-at="2024-05-29T00:44:55 IST" duration-ms="17431" status="PASS">
          <reporter-output>
          </reporter-output>
        </test-method> <!-- setup -->
        <test-method signature="verifyLogin(java.lang.String,java.lang.String)[pri:0, instance:com.guru99.tests.LoginPageTests@18d87d80]" started-at="2024-05-29T00:44:55 IST" name="verifyLogin" data-provider="getDataFromExcel" finished-at="2024-05-29T00:45:02 IST" duration-ms="6555" status="PASS">
          <params>
            <param index="0">
              <value>
                <![CDATA[mngr26593]]>
              </value>
            </param>
            <param index="1">
              <value>
                <![CDATA[1234567!]]>
              </value>
            </param>
          </params>
          <reporter-output>
          </reporter-output>
        </test-method> <!-- verifyLogin -->
        <test-method is-config="true" signature="cleanUp()[pri:0, instance:com.guru99.tests.LoginPageTests@18d87d80]" started-at="2024-05-29T00:45:02 IST" name="cleanUp" finished-at="2024-05-29T00:45:02 IST" duration-ms="219" status="PASS">
          <reporter-output>
          </reporter-output>
        </test-method> <!-- cleanUp -->
        <test-method is-config="true" signature="setup()[pri:0, instance:com.guru99.tests.LoginPageTests@18d87d80]" started-at="2024-05-29T00:45:02 IST" name="setup" finished-at="2024-05-29T00:45:06 IST" duration-ms="4340" status="PASS">
          <reporter-output>
          </reporter-output>
        </test-method> <!-- setup -->
        <test-method signature="verifyLogin(java.lang.String,java.lang.String)[pri:0, instance:com.guru99.tests.LoginPageTests@18d87d80]" started-at="2024-05-29T00:45:06 IST" name="verifyLogin" data-provider="getDataFromExcel" finished-at="2024-05-29T00:45:07 IST" duration-ms="1151" status="PASS">
          <params>
            <param index="0">
              <value>
                <![CDATA[mngr26593]]>
              </value>
            </param>
            <param index="1">
              <value>
                <![CDATA[1234567!]]>
              </value>
            </param>
          </params>
          <reporter-output>
          </reporter-output>
        </test-method> <!-- verifyLogin -->
        <test-method is-config="true" signature="cleanUp()[pri:0, instance:com.guru99.tests.LoginPageTests@18d87d80]" started-at="2024-05-29T00:45:07 IST" name="cleanUp" finished-at="2024-05-29T00:45:08 IST" duration-ms="165" status="PASS">
          <reporter-output>
          </reporter-output>
        </test-method> <!-- cleanUp -->
        <test-method is-config="true" signature="setup()[pri:0, instance:com.guru99.tests.LoginPageTests@18d87d80]" started-at="2024-05-29T00:45:08 IST" name="setup" finished-at="2024-05-29T00:45:12 IST" duration-ms="4267" status="PASS">
          <reporter-output>
          </reporter-output>
        </test-method> <!-- setup -->
        <test-method signature="verifyLogin(java.lang.String,java.lang.String)[pri:0, instance:com.guru99.tests.LoginPageTests@18d87d80]" started-at="2024-05-29T00:45:12 IST" name="verifyLogin" data-provider="getDataFromExcel" finished-at="2024-05-29T00:45:13 IST" duration-ms="1111" status="PASS">
          <params>
            <param index="0">
              <value>
                <![CDATA[mngr26593]]>
              </value>
            </param>
            <param index="1">
              <value>
                <![CDATA[1234567!]]>
              </value>
            </param>
          </params>
          <reporter-output>
          </reporter-output>
        </test-method> <!-- verifyLogin -->
        <test-method is-config="true" signature="cleanUp()[pri:0, instance:com.guru99.tests.LoginPageTests@18d87d80]" started-at="2024-05-29T00:45:13 IST" name="cleanUp" finished-at="2024-05-29T00:45:13 IST" duration-ms="187" status="PASS">
          <reporter-output>
          </reporter-output>
        </test-method> <!-- cleanUp -->
      </class> <!-- com.guru99.tests.LoginPageTests -->
    </test> <!-- Default test -->
  </suite> <!-- Default suite -->
</testng-results>
